<?xml version="1.0" encoding="UTF-8"?>
<robot generator="Robot 3.1.2 (Python 3.7.3 on win32)" generated="20200212 00:07:15.750" rpa="false">
<suite id="s1" name="TC1" source="C:\Users\KTK\PycharmProjects\API\TestCases\TC1.robot">
<test id="s1-t1" name="Get_alert">
<kw name="Create List" library="BuiltIn">
<doc>Returns a list containing given items.</doc>
<arguments>
<arg>alerts</arg>
<arg>Smarts99$</arg>
</arguments>
<assign>
<var>${auth}</var>
</assign>
<msg timestamp="20200212 00:07:18.263" level="INFO">${auth} = ['alerts', 'Smarts99$']</msg>
<status status="PASS" starttime="20200212 00:07:18.261" endtime="20200212 00:07:18.263"></status>
</kw>
<kw name="Create Session" library="RequestsLibrary">
<doc>Create Session: create a HTTP session to a server</doc>
<arguments>
<arg>mysession</arg>
<arg>${baseurl}</arg>
<arg>auth=${auth}</arg>
</arguments>
<msg timestamp="20200212 00:07:18.289" level="INFO">Creating Session using : alias=mysession, url=https://rbccm-canada.smartsbroker.com, headers={},                     cookies={}, auth=&lt;requests.auth.HTTPBasicAuth object at 0x000001E1683FA0B8&gt;, timeout=None, proxies=None, verify=False,                     debug=0 </msg>
<status status="PASS" starttime="20200212 00:07:18.288" endtime="20200212 00:07:18.290"></status>
</kw>
<kw name="Get Request" library="RequestsLibrary">
<doc>Send a GET request on the session object found using the
given `alias`</doc>
<arguments>
<arg>mysession</arg>
<arg>/cmss/citadel/exportAlerts?date=${date}&amp;marketCode=${feed}&amp;apiVersion=9</arg>
</arguments>
<assign>
<var>${response}</var>
</assign>
<msg timestamp="20200212 00:07:18.308" level="INFO">GET Request using : uri=/cmss/citadel/exportAlerts?date=20200207&amp;marketCode=omega&amp;apiVersion=9, params=None, allow_redirects=True, timeout=None
headers={'User-Agent': 'python-requests/2.21.0', 'Accept-Encoding': 'gzip, deflate', 'Accept': '*/*', 'Connection': 'keep-alive'} 
data=None 
json=None</msg>
<msg timestamp="20200212 00:07:38.585" level="INFO">c:\users\ktk\anaconda3\lib\site-packages\urllib3\connectionpool.py:847: InsecureRequestWarning: Unverified HTTPS request is being made. Adding certificate verification is strongly advised. See: https://urllib3.readthedocs.io/en/latest/advanced-usage.html#ssl-warnings
  InsecureRequestWarning)</msg>
<msg timestamp="20200212 00:07:38.594" level="INFO">${response} = &lt;Response [200]&gt;</msg>
<status status="PASS" starttime="20200212 00:07:18.307" endtime="20200212 00:07:38.594"></status>
</kw>
<kw name="Convert To String" library="BuiltIn">
<doc>Converts the given item to a Unicode string.</doc>
<arguments>
<arg>${response.status_code}</arg>
</arguments>
<assign>
<var>${status_code}</var>
</assign>
<msg timestamp="20200212 00:07:38.663" level="INFO">${status_code} = 200</msg>
<status status="PASS" starttime="20200212 00:07:38.661" endtime="20200212 00:07:38.663"></status>
</kw>
<kw name="Should Be Equal" library="BuiltIn">
<doc>Fails if the given objects are unequal.</doc>
<arguments>
<arg>${status_code}</arg>
<arg>200</arg>
</arguments>
<status status="PASS" starttime="20200212 00:07:38.675" endtime="20200212 00:07:38.702"></status>
</kw>
<kw name="Convert To String" library="BuiltIn">
<doc>Converts the given item to a Unicode string.</doc>
<arguments>
<arg>${response.content}</arg>
</arguments>
<assign>
<var>${status}</var>
</assign>
<msg timestamp="20200212 00:07:42.311" level="INFO">${status} = &lt;?xml version="1.0" encoding="UTF-8"?&gt;

&lt;!--
  Nasdaq SMARTS Trade Surveillance - 10.1.4_6  

  (C) 2019, Nasdaq, Inc.  

  All rights reserved.  

  This software is the confidential and proprietary ...</msg>
<status status="PASS" starttime="20200212 00:07:38.761" endtime="20200212 00:07:42.311"></status>
</kw>
<kw name="Should Contain" library="BuiltIn">
<doc>Fails if ``container`` does not contain ``item`` one or more times.</doc>
<arguments>
<arg>${status}</arg>
<arg>PROCESSING COMPLETE</arg>
</arguments>
<status status="PASS" starttime="20200212 00:07:42.337" endtime="20200212 00:07:42.560"></status>
</kw>
<tags>
<tag>DEBUG</tag>
</tags>
<status status="PASS" starttime="20200212 00:07:18.256" endtime="20200212 00:07:42.593" critical="yes"></status>
</test>
<doc>Suite description</doc>
<status status="PASS" starttime="20200212 00:07:15.787" endtime="20200212 00:07:42.604"></status>
</suite>
<statistics>
<total>
<stat pass="1" fail="0">Critical Tests</stat>
<stat pass="1" fail="0">All Tests</stat>
</total>
<tag>
<stat pass="1" fail="0">DEBUG</stat>
</tag>
<suite>
<stat pass="1" fail="0" id="s1" name="TC1">TC1</stat>
</suite>
</statistics>
<errors>
</errors>
</robot>
