<?xml version="1.0" encoding="UTF-8"?>
<robot generator="Robot 3.1.2 (Python 3.7.3 on win32)" generated="20200421 21:57:17.840" rpa="false">
<suite id="s1" name="TC2" source="C:\Users\KTK\PycharmProjects\API\TestCases\TC2.robot">
<test id="s1-t1" name="Get_alert">
<kw name="Open Browser" library="SeleniumLibrary">
<doc>Opens a new browser instance to the given ``url``.</doc>
<arguments>
<arg>${URL}</arg>
<arg>${Browser}</arg>
</arguments>
<msg timestamp="20200421 21:57:19.890" level="INFO">Opening browser 'Chrome' to base url 'https://www.xe.com/mt/ca-money-transfer'.</msg>
<status status="PASS" starttime="20200421 21:57:19.890" endtime="20200421 21:57:30.113"></status>
</kw>
<kw name="Maximize Browser Window" library="SeleniumLibrary">
<doc>Maximizes current browser window.</doc>
<status status="PASS" starttime="20200421 21:57:30.113" endtime="20200421 21:57:38.163"></status>
</kw>
<kw name="Click Link" library="SeleniumLibrary">
<doc>Clicks a link identified by ``locator``.</doc>
<arguments>
<arg>//*[@id="reactContainer"]/main/div[1]/section/div/div/div[2]/div/div[2]/a</arg>
</arguments>
<msg timestamp="20200421 21:57:38.163" level="INFO">Clicking link '//*[@id="reactContainer"]/main/div[1]/section/div/div/div[2]/div/div[2]/a'.</msg>
<status status="PASS" starttime="20200421 21:57:38.163" endtime="20200421 21:57:41.706"></status>
</kw>
<kw name="Wait Until Page Contains" library="SeleniumLibrary">
<doc>Waits until ``text`` appears on current page.</doc>
<arguments>
<arg>Already have an account?</arg>
</arguments>
<status status="PASS" starttime="20200421 21:57:41.706" endtime="20200421 21:57:42.548"></status>
</kw>
<kw name="Click Link" library="SeleniumLibrary">
<doc>Clicks a link identified by ``locator``.</doc>
<arguments>
<arg>//*[@id="root"]/div[2]/div/div/section/footer/p/a</arg>
</arguments>
<msg timestamp="20200421 21:57:42.558" level="INFO">Clicking link '//*[@id="root"]/div[2]/div/div/section/footer/p/a'.</msg>
<status status="PASS" starttime="20200421 21:57:42.557" endtime="20200421 21:57:42.730"></status>
</kw>
<kw name="Wait Until Page Contains" library="SeleniumLibrary">
<doc>Waits until ``text`` appears on current page.</doc>
<arguments>
<arg>Need an account?</arg>
</arguments>
<status status="PASS" starttime="20200421 21:57:42.731" endtime="20200421 21:57:42.754"></status>
</kw>
<kw name="Input Text" library="SeleniumLibrary">
<doc>Types the given ``text`` into text field identified by ``locator``.</doc>
<arguments>
<arg>//*[@id="email"]</arg>
<arg>hussainzahirmuhammad@gmail.com</arg>
</arguments>
<msg timestamp="20200421 21:57:42.755" level="INFO">Typing text 'hussainzahirmuhammad@gmail.com' into text field '//*[@id="email"]'.</msg>
<status status="PASS" starttime="20200421 21:57:42.755" endtime="20200421 21:57:44.380"></status>
</kw>
<kw name="Input Text" library="SeleniumLibrary">
<doc>Types the given ``text`` into text field identified by ``locator``.</doc>
<arguments>
<arg>//*[@id="password"]</arg>
<arg>032649180Xe*</arg>
</arguments>
<msg timestamp="20200421 21:57:44.381" level="INFO">Typing text '032649180Xe*' into text field '//*[@id="password"]'.</msg>
<status status="PASS" starttime="20200421 21:57:44.380" endtime="20200421 21:57:44.738"></status>
</kw>
<kw name="Wait Until Element Is Enabled" library="SeleniumLibrary">
<doc>Waits until element ``locator`` is enabled.</doc>
<arguments>
<arg>//*[@id="signIn"]/button</arg>
</arguments>
<status status="PASS" starttime="20200421 21:57:44.741" endtime="20200421 21:57:45.270"></status>
</kw>
<kw name="Click Button" library="SeleniumLibrary">
<doc>Clicks button identified by ``locator``.</doc>
<arguments>
<arg>//*[@id="signIn"]/button</arg>
</arguments>
<msg timestamp="20200421 21:57:45.271" level="INFO">Clicking button '//*[@id="signIn"]/button'.</msg>
<status status="PASS" starttime="20200421 21:57:45.271" endtime="20200421 21:57:45.673"></status>
</kw>
<status status="PASS" starttime="20200421 21:57:19.890" endtime="20200421 21:57:45.676" critical="yes"></status>
</test>
<doc>Suite description</doc>
<status status="PASS" starttime="20200421 21:57:17.856" endtime="20200421 21:57:45.678"></status>
</suite>
<statistics>
<total>
<stat pass="1" fail="0">Critical Tests</stat>
<stat pass="1" fail="0">All Tests</stat>
</total>
<tag>
</tag>
<suite>
<stat pass="1" fail="0" id="s1" name="TC2">TC2</stat>
</suite>
</statistics>
<errors>
</errors>
</robot>
