<?xml version="1.0" encoding="UTF-8"?>
<robot generator="Robot 3.1.2 (Python 3.7.3 on win32)" generated="20200328 13:30:25.568" rpa="false">
<suite id="s1" name="TC2" source="C:\Users\KTK\PycharmProjects\API\TestCases\TC2.robot">
<test id="s1-t1" name="Get_alert">
<kw name="Open Browser" library="SeleniumLibrary">
<doc>Opens a new browser instance to the given ``url``.</doc>
<arguments>
<arg>${URL}</arg>
<arg>${Browser}</arg>
</arguments>
<msg timestamp="20200328 13:30:26.162" level="INFO">Opening browser 'Chrome' to base url 'https://www.xe.com/mt/ca-money-transfer'.</msg>
<status status="PASS" starttime="20200328 13:30:26.161" endtime="20200328 13:30:33.379"></status>
</kw>
<kw name="Maximize Browser Window" library="SeleniumLibrary">
<doc>Maximizes current browser window.</doc>
<status status="PASS" starttime="20200328 13:30:33.379" endtime="20200328 13:30:34.897"></status>
</kw>
<kw name="Click Link" library="SeleniumLibrary">
<doc>Clicks a link identified by ``locator``.</doc>
<arguments>
<arg>//*[@id="reactContainer"]/main/div[1]/section/div/div/div[2]/div/div[2]/a</arg>
</arguments>
<msg timestamp="20200328 13:30:34.911" level="INFO">Clicking link '//*[@id="reactContainer"]/main/div[1]/section/div/div/div[2]/div/div[2]/a'.</msg>
<status status="PASS" starttime="20200328 13:30:34.911" endtime="20200328 13:30:50.950"></status>
</kw>
<kw name="Wait Until Page Contains" library="SeleniumLibrary">
<doc>Waits until ``text`` appears on current page.</doc>
<arguments>
<arg>Already have an account?</arg>
</arguments>
<status status="PASS" starttime="20200328 13:30:50.952" endtime="20200328 13:30:51.678"></status>
</kw>
<kw name="Click Link" library="SeleniumLibrary">
<doc>Clicks a link identified by ``locator``.</doc>
<arguments>
<arg>//*[@id="root"]/div[2]/div/div/section/footer/p/a</arg>
</arguments>
<msg timestamp="20200328 13:30:51.688" level="INFO">Clicking link '//*[@id="root"]/div[2]/div/div/section/footer/p/a'.</msg>
<status status="PASS" starttime="20200328 13:30:51.688" endtime="20200328 13:30:53.345"></status>
</kw>
<kw name="Wait Until Page Contains" library="SeleniumLibrary">
<doc>Waits until ``text`` appears on current page.</doc>
<arguments>
<arg>Need an account?</arg>
</arguments>
<status status="PASS" starttime="20200328 13:30:53.346" endtime="20200328 13:30:55.677"></status>
</kw>
<kw name="Input Text" library="SeleniumLibrary">
<doc>Types the given ``text`` into text field identified by ``locator``.</doc>
<arguments>
<arg>//*[@id="email"]</arg>
<arg>hussainzahirmuhammad@gmail.com</arg>
</arguments>
<msg timestamp="20200328 13:30:55.678" level="INFO">Typing text 'hussainzahirmuhammad@gmail.com' into text field '//*[@id="email"]'.</msg>
<status status="PASS" starttime="20200328 13:30:55.678" endtime="20200328 13:30:56.053"></status>
</kw>
<kw name="Input Text" library="SeleniumLibrary">
<doc>Types the given ``text`` into text field identified by ``locator``.</doc>
<arguments>
<arg>//*[@id="password"]</arg>
<arg>032649180Xe*</arg>
</arguments>
<msg timestamp="20200328 13:30:56.054" level="INFO">Typing text '032649180Xe*' into text field '//*[@id="password"]'.</msg>
<status status="PASS" starttime="20200328 13:30:56.053" endtime="20200328 13:30:56.297"></status>
</kw>
<kw name="Wait Until Element Is Enabled" library="SeleniumLibrary">
<doc>Waits until element ``locator`` is enabled.</doc>
<arguments>
<arg>//*[@id="signIn"]/button</arg>
</arguments>
<status status="PASS" starttime="20200328 13:30:56.297" endtime="20200328 13:30:56.343"></status>
</kw>
<kw name="Click Button" library="SeleniumLibrary">
<doc>Clicks button identified by ``locator``.</doc>
<arguments>
<arg>//*[@id="signIn"]/button</arg>
</arguments>
<msg timestamp="20200328 13:30:56.344" level="INFO">Clicking button '//*[@id="signIn"]/button'.</msg>
<status status="PASS" starttime="20200328 13:30:56.343" endtime="20200328 13:30:56.448"></status>
</kw>
<status status="PASS" starttime="20200328 13:30:26.161" endtime="20200328 13:30:56.449" critical="yes"></status>
</test>
<doc>Suite description</doc>
<status status="PASS" starttime="20200328 13:30:25.570" endtime="20200328 13:30:56.450"></status>
</suite>
<statistics>
<total>
<stat pass="1" fail="0">Critical Tests</stat>
<stat pass="1" fail="0">All Tests</stat>
</total>
<tag>
</tag>
<suite>
<stat pass="1" fail="0" id="s1" name="TC2">TC2</stat>
</suite>
</statistics>
<errors>
</errors>
</robot>
